<?xml version="1.0" encoding="UTF-8"?>
<!-- Generated by org.testng.reporters.JUnitXMLReporter -->
<testsuite ignored="0" hostname="mayank-gupta1" failures="0" tests="2" name="Add to Cart E2E" time="36.406" errors="0" timestamp="2024-08-05T21:27:18 IST">
  <testcase classname="SeleniumWebAutomation.BuildingAutomation.AddtocartE2E" name="addtocartJourney" time="14.431"/>
  <testcase classname="SeleniumWebAutomation.BuildingAutomation.AddtocartE2E" name="addtocartJourney" time="14.226"/>
</testsuite> <!-- Add to Cart E2E -->
